<?xml version="1.0" encoding="UTF-8"?>
<testsuite name="branchyr.demo.DemoApplicationTests" tests="1" skipped="0" failures="0" errors="0" timestamp="2019-07-08T18:12:29" hostname="iwright-l.corp.instructure.com" time="0.239">
  <properties/>
  <testcase name="contextLoads" classname="branchyr.demo.DemoApplicationTests" time="0.239"/>
  <system-out><![CDATA[12:12:27.568 [Test worker] DEBUG org.springframework.test.context.junit4.SpringJUnit4ClassRunner - SpringJUnit4ClassRunner constructor called with [class branchyr.demo.DemoApplicationTests]
12:12:27.576 [Test worker] DEBUG org.springframework.test.context.BootstrapUtils - Instantiating CacheAwareContextLoaderDelegate from class [org.springframework.test.context.cache.DefaultCacheAwareContextLoaderDelegate]
12:12:27.582 [Test worker] DEBUG org.springframework.test.context.BootstrapUtils - Instantiating BootstrapContext using constructor [public org.springframework.test.context.support.DefaultBootstrapContext(java.lang.Class,org.springframework.test.context.CacheAwareContextLoaderDelegate)]
12:12:27.595 [Test worker] DEBUG org.springframework.test.context.BootstrapUtils - Instantiating TestContextBootstrapper for test class [branchyr.demo.DemoApplicationTests] from class [org.springframework.boot.test.context.SpringBootTestContextBootstrapper]
12:12:27.607 [Test worker] INFO org.springframework.boot.test.context.SpringBootTestContextBootstrapper - Neither @ContextConfiguration nor @ContextHierarchy found for test class [branchyr.demo.DemoApplicationTests], using SpringBootContextLoader
12:12:27.610 [Test worker] DEBUG org.springframework.test.context.support.AbstractContextLoader - Did not detect default resource location for test class [branchyr.demo.DemoApplicationTests]: class path resource [branchyr/demo/DemoApplicationTests-context.xml] does not exist
12:12:27.610 [Test worker] DEBUG org.springframework.test.context.support.AbstractContextLoader - Did not detect default resource location for test class [branchyr.demo.DemoApplicationTests]: class path resource [branchyr/demo/DemoApplicationTestsContext.groovy] does not exist
12:12:27.610 [Test worker] INFO org.springframework.test.context.support.AbstractContextLoader - Could not detect default resource locations for test class [branchyr.demo.DemoApplicationTests]: no resource found for suffixes {-context.xml, Context.groovy}.
12:12:27.611 [Test worker] INFO org.springframework.test.context.support.AnnotationConfigContextLoaderUtils - Could not detect default configuration classes for test class [branchyr.demo.DemoApplicationTests]: DemoApplicationTests does not declare any static, non-private, non-final, nested classes annotated with @Configuration.
12:12:27.638 [Test worker] DEBUG org.springframework.test.context.support.ActiveProfilesUtils - Could not find an 'annotation declaring class' for annotation type [org.springframework.test.context.ActiveProfiles] and class [branchyr.demo.DemoApplicationTests]
12:12:27.684 [Test worker] DEBUG org.springframework.context.annotation.ClassPathScanningCandidateComponentProvider - Identified candidate component class: file [/Users/iwright/code/branchyr/build/classes/java/main/branchyr/demo/DemoApplication.class]
12:12:27.685 [Test worker] INFO org.springframework.boot.test.context.SpringBootTestContextBootstrapper - Found @SpringBootConfiguration branchyr.demo.DemoApplication for test class branchyr.demo.DemoApplicationTests
12:12:27.751 [Test worker] DEBUG org.springframework.boot.test.context.SpringBootTestContextBootstrapper - @TestExecutionListeners is not present for class [branchyr.demo.DemoApplicationTests]: using defaults.
12:12:27.751 [Test worker] INFO org.springframework.boot.test.context.SpringBootTestContextBootstrapper - Loaded default TestExecutionListener class names from location [META-INF/spring.factories]: [org.springframework.boot.test.autoconfigure.restdocs.RestDocsTestExecutionListener, org.springframework.boot.test.autoconfigure.web.client.MockRestServiceServerResetTestExecutionListener, org.springframework.boot.test.autoconfigure.web.servlet.MockMvcPrintOnlyOnFailureTestExecutionListener, org.springframework.boot.test.autoconfigure.web.servlet.WebDriverTestExecutionListener, org.springframework.boot.test.mock.mockito.MockitoTestExecutionListener, org.springframework.boot.test.mock.mockito.ResetMocksTestExecutionListener, org.springframework.test.context.web.ServletTestExecutionListener, org.springframework.test.context.support.DirtiesContextBeforeModesTestExecutionListener, org.springframework.test.context.support.DependencyInjectionTestExecutionListener, org.springframework.test.context.support.DirtiesContextTestExecutionListener, org.springframework.test.context.transaction.TransactionalTestExecutionListener, org.springframework.test.context.jdbc.SqlScriptsTestExecutionListener]
12:12:27.758 [Test worker] DEBUG org.springframework.boot.test.context.SpringBootTestContextBootstrapper - Skipping candidate TestExecutionListener [org.springframework.test.context.transaction.TransactionalTestExecutionListener] due to a missing dependency. Specify custom listener classes or make the default listener classes and their required dependencies available. Offending class: [org/springframework/transaction/interceptor/TransactionAttributeSource]
12:12:27.758 [Test worker] DEBUG org.springframework.boot.test.context.SpringBootTestContextBootstrapper - Skipping candidate TestExecutionListener [org.springframework.test.context.jdbc.SqlScriptsTestExecutionListener] due to a missing dependency. Specify custom listener classes or make the default listener classes and their required dependencies available. Offending class: [org/springframework/transaction/interceptor/TransactionAttribute]
12:12:27.759 [Test worker] INFO org.springframework.boot.test.context.SpringBootTestContextBootstrapper - Using TestExecutionListeners: [org.springframework.test.context.web.ServletTestExecutionListener@57c97ec7, org.springframework.test.context.support.DirtiesContextBeforeModesTestExecutionListener@5e3bc246, org.springframework.boot.test.mock.mockito.MockitoTestExecutionListener@672f8a75, org.springframework.boot.test.autoconfigure.SpringBootDependencyInjectionTestExecutionListener@4bce25e5, org.springframework.test.context.support.DirtiesContextTestExecutionListener@57ed551d, org.springframework.boot.test.autoconfigure.restdocs.RestDocsTestExecutionListener@57c48454, org.springframework.boot.test.autoconfigure.web.client.MockRestServiceServerResetTestExecutionListener@4c23d0fb, org.springframework.boot.test.autoconfigure.web.servlet.MockMvcPrintOnlyOnFailureTestExecutionListener@76f82597, org.springframework.boot.test.autoconfigure.web.servlet.WebDriverTestExecutionListener@4b80c3e8, org.springframework.boot.test.mock.mockito.ResetMocksTestExecutionListener@381518e8]
12:12:27.761 [Test worker] DEBUG org.springframework.test.annotation.ProfileValueUtils - Retrieved @ProfileValueSourceConfiguration [null] for test class [branchyr.demo.DemoApplicationTests]
12:12:27.761 [Test worker] DEBUG org.springframework.test.annotation.ProfileValueUtils - Retrieved ProfileValueSource type [class org.springframework.test.annotation.SystemProfileValueSource] for class [branchyr.demo.DemoApplicationTests]
12:12:27.762 [Test worker] DEBUG org.springframework.test.annotation.ProfileValueUtils - Retrieved @ProfileValueSourceConfiguration [null] for test class [branchyr.demo.DemoApplicationTests]
12:12:27.762 [Test worker] DEBUG org.springframework.test.annotation.ProfileValueUtils - Retrieved ProfileValueSource type [class org.springframework.test.annotation.SystemProfileValueSource] for class [branchyr.demo.DemoApplicationTests]
12:12:27.765 [Test worker] DEBUG org.springframework.test.context.support.AbstractDirtiesContextTestExecutionListener - Before test class: context [DefaultTestContext@1a58d4d0 testClass = DemoApplicationTests, testInstance = [null], testMethod = [null], testException = [null], mergedContextConfiguration = [WebMergedContextConfiguration@5ae36c3d testClass = DemoApplicationTests, locations = '{}', classes = '{class branchyr.demo.DemoApplication}', contextInitializerClasses = '[]', activeProfiles = '{}', propertySourceLocations = '{}', propertySourceProperties = '{org.springframework.boot.test.context.SpringBootTestContextBootstrapper=true}', contextCustomizers = set[org.springframework.boot.test.autoconfigure.properties.PropertyMappingContextCustomizer@0, org.springframework.boot.test.autoconfigure.web.servlet.WebDriverContextCustomizerFactory$Customizer@5cdfae61, org.springframework.boot.test.context.filter.ExcludeFilterContextCustomizer@2414da8e, org.springframework.boot.test.json.DuplicateJsonObjectContextCustomizerFactory$DuplicateJsonObjectContextCustomizer@3d40a59d, org.springframework.boot.test.mock.mockito.MockitoContextCustomizer@0, org.springframework.boot.test.web.client.TestRestTemplateContextCustomizer@736097e1], resourceBasePath = 'src/main/webapp', contextLoader = 'org.springframework.boot.test.context.SpringBootContextLoader', parent = [null]], attributes = map['org.springframework.test.context.web.ServletTestExecutionListener.activateListener' -> true]], class annotated with @DirtiesContext [false] with mode [null].
12:12:27.766 [Test worker] DEBUG org.springframework.test.annotation.ProfileValueUtils - Retrieved @ProfileValueSourceConfiguration [null] for test class [branchyr.demo.DemoApplicationTests]
12:12:27.766 [Test worker] DEBUG org.springframework.test.annotation.ProfileValueUtils - Retrieved ProfileValueSource type [class org.springframework.test.annotation.SystemProfileValueSource] for class [branchyr.demo.DemoApplicationTests]
12:12:27.780 [Test worker] DEBUG org.springframework.test.context.support.TestPropertySourceUtils - Adding inlined properties to environment: {spring.jmx.enabled=false, org.springframework.boot.test.context.SpringBootTestContextBootstrapper=true, server.port=-1}

  .   ____          _            __ _ _
 /\\ / ___'_ __ _ _(_)_ __  __ _ \ \ \ \
( ( )\___ | '_ | '_| | '_ \/ _` | \ \ \ \
 \\/  ___)| |_)| | | | | || (_| |  ) ) ) )
  '  |____| .__|_| |_|_| |_\__, | / / / /
 =========|_|==============|___/=/_/_/_/
 :: Spring Boot ::        (v2.1.6.RELEASE)

2019-07-08 12:12:28.040  INFO 91336 --- [    Test worker] branchyr.demo.DemoApplicationTests       : Starting DemoApplicationTests on iwright-l.corp.instructure.com with PID 91336 (started by iwright in /Users/iwright/code/branchyr)
2019-07-08 12:12:28.041  INFO 91336 --- [    Test worker] branchyr.demo.DemoApplicationTests       : No active profile set, falling back to default profiles: default
2019-07-08 12:12:29.189  INFO 91336 --- [    Test worker] o.s.s.concurrent.ThreadPoolTaskExecutor  : Initializing ExecutorService 'applicationTaskExecutor'
2019-07-08 12:12:29.431  INFO 91336 --- [    Test worker] branchyr.demo.DemoApplicationTests       : Started DemoApplicationTests in 1.645 seconds (JVM running for 2.341)
]]></system-out>
  <system-err><![CDATA[]]></system-err>
</testsuite>
